1559723487540	mozrunner::runner	INFO	Running command: "/usr/bin/firefox" "-marionette" "-foreground" "-no-remote" "-profile" "/tmp/rust_mozprofile.XZtY7LOnu91S"
1559723488636	Marionette	INFO	Enabled via --marionette
1559723490506	Marionette	INFO	Listening on port 37091
1559723490568	Marionette	WARN	TLS certificate errors will be ignored for this session
*** UTM:SVC TimerManager:registerTimer called after profile-before-change notification. Ignoring timer registration for id: telemetry_modules_ping
1559723553273	mozrunner::runner	INFO	Running command: "/usr/bin/firefox" "-marionette" "-foreground" "-no-remote" "-profile" "/tmp/rust_mozprofile.a66Vq1vFFlR3"
1559723553900	Marionette	INFO	Enabled via --marionette
1559723556058	Marionette	INFO	Listening on port 45225
1559723556084	Marionette	WARN	TLS certificate errors will be ignored for this session
1559723556410	addons.xpi	WARN	Exception running bootstrap method shutdown on activity-stream@mozilla.org: [Exception... "Component returned failure code: 0x80004005 (NS_ERROR_FAILURE) [nsIObserverService.removeObserver]"  nsresult: "0x80004005 (NS_ERROR_FAILURE)"  location: "JS frame :: resource://activity-stream/lib/SnippetsFeed.jsm :: uninit :: line 125"  data: no] Stack trace: uninit()@resource://activity-stream/lib/SnippetsFeed.jsm:125 < onAction()@resource://activity-stream/lib/SnippetsFeed.jsm:141 < _middleware/</<()@resource://activity-stream/lib/Store.jsm:51 < Store/this[method]()@resource://activity-stream/lib/Store.jsm:30 < uninit()@resource://activity-stream/lib/Store.jsm:153 < uninit()@resource://activity-stream/lib/ActivityStream.jsm:274 < uninit()@resource://gre/modules/addons/XPIProvider.jsm -> jar:file:///usr/lib/firefox/browser/features/activity-stream@mozilla.org.xpi!/bootstrap.js:80 < shutdown()@resource://gre/modules/addons/XPIProvider.jsm -> jar:file:///usr/lib/firefox/browser/features/activity-stream@mozilla.org.xpi!/bootstrap.js:196 < callBootstrapMethod()@resource://gre/modules/addons/XPIProvider.jsm:4419 < observe()@resource://gre/modules/addons/XPIProvider.jsm:2279 < GeckoDriver.prototype.quit()@driver.js:3270 < despatch()@server.js:557 < execute()@server.js:531 < onPacket/<()@server.js:506 < onPacket()@server.js:505 < _onJSONObjectReady/<()@transport.js:500
JavaScript error: resource://shield-recipe-client/lib/ShieldRecipeClient.jsm, line 70: TypeError: log is undefined
console.error: PushService: 
  clearOriginData: Error clearing origin data:
  UnknownError
console.error: PushService: 
  stateChangeProcessEnqueue: Error transitioning state
  UnknownError
*** UTM:SVC TimerManager:registerTimer called after profile-before-change notification. Ignoring timer registration for id: telemetry_modules_ping
1559724787279	mozrunner::runner	INFO	Running command: "/usr/bin/firefox" "-marionette" "-foreground" "-no-remote" "-profile" "/tmp/rust_mozprofile.Yle9t4vKqZjb"
1559724787908	Marionette	INFO	Enabled via --marionette
1559724789744	Marionette	INFO	Listening on port 39037
1559724789794	Marionette	WARN	TLS certificate errors will be ignored for this session
*** UTM:SVC TimerManager:registerTimer called after profile-before-change notification. Ignoring timer registration for id: telemetry_modules_ping
1559724809977	mozrunner::runner	INFO	Running command: "/usr/bin/firefox" "-marionette" "-foreground" "-no-remote" "-profile" "/tmp/rust_mozprofile.c2PMnWKnlEar"
1559724810548	Marionette	INFO	Enabled via --marionette
1559724812324	Marionette	INFO	Listening on port 34041
1559724812384	Marionette	WARN	TLS certificate errors will be ignored for this session
*** UTM:SVC TimerManager:registerTimer called after profile-before-change notification. Ignoring timer registration for id: telemetry_modules_ping
1559724880287	mozrunner::runner	INFO	Running command: "/usr/bin/firefox" "-marionette" "-foreground" "-no-remote" "-profile" "/tmp/rust_mozprofile.zm7tGNLeVDSK"
1559724880884	Marionette	INFO	Enabled via --marionette
1559724882632	Marionette	INFO	Listening on port 35467
1559724882696	Marionette	WARN	TLS certificate errors will be ignored for this session
1559724882838	addons.xpi	WARN	Exception running bootstrap method shutdown on activity-stream@mozilla.org: [Exception... "Component returned failure code: 0x80004005 (NS_ERROR_FAILURE) [nsIObserverService.removeObserver]"  nsresult: "0x80004005 (NS_ERROR_FAILURE)"  location: "JS frame :: resource://activity-stream/lib/SnippetsFeed.jsm :: uninit :: line 125"  data: no] Stack trace: uninit()@resource://activity-stream/lib/SnippetsFeed.jsm:125 < onAction()@resource://activity-stream/lib/SnippetsFeed.jsm:141 < _middleware/</<()@resource://activity-stream/lib/Store.jsm:51 < Store/this[method]()@resource://activity-stream/lib/Store.jsm:30 < uninit()@resource://activity-stream/lib/Store.jsm:153 < uninit()@resource://activity-stream/lib/ActivityStream.jsm:274 < uninit()@resource://gre/modules/addons/XPIProvider.jsm -> jar:file:///usr/lib/firefox/browser/features/activity-stream@mozilla.org.xpi!/bootstrap.js:80 < shutdown()@resource://gre/modules/addons/XPIProvider.jsm -> jar:file:///usr/lib/firefox/browser/features/activity-stream@mozilla.org.xpi!/bootstrap.js:196 < callBootstrapMethod()@resource://gre/modules/addons/XPIProvider.jsm:4419 < observe()@resource://gre/modules/addons/XPIProvider.jsm:2279 < GeckoDriver.prototype.quit()@driver.js:3270 < despatch()@server.js:557 < execute()@server.js:531 < onPacket/<()@server.js:506 < onPacket()@server.js:505 < _onJSONObjectReady/<()@transport.js:500
JavaScript error: resource://shield-recipe-client/lib/ShieldRecipeClient.jsm, line 70: TypeError: log is undefined
console.error: PushService: 
  clearOriginData: Error clearing origin data:
  UnknownError
console.error: PushService: 
  stateChangeProcessEnqueue: Error transitioning state
  UnknownError
*** UTM:SVC TimerManager:registerTimer called after profile-before-change notification. Ignoring timer registration for id: telemetry_modules_ping
1559725068226	mozrunner::runner	INFO	Running command: "/usr/bin/firefox" "-marionette" "-foreground" "-no-remote" "-profile" "/tmp/rust_mozprofile.eyvXZFvM5YpH"
1559725068784	Marionette	INFO	Enabled via --marionette
1559725070574	Marionette	INFO	Listening on port 44937
1559725070632	Marionette	WARN	TLS certificate errors will be ignored for this session
1559725071008	addons.xpi	WARN	Exception running bootstrap method shutdown on activity-stream@mozilla.org: [Exception... "Component returned failure code: 0x80004005 (NS_ERROR_FAILURE) [nsIObserverService.removeObserver]"  nsresult: "0x80004005 (NS_ERROR_FAILURE)"  location: "JS frame :: resource://activity-stream/lib/SnippetsFeed.jsm :: uninit :: line 125"  data: no] Stack trace: uninit()@resource://activity-stream/lib/SnippetsFeed.jsm:125 < onAction()@resource://activity-stream/lib/SnippetsFeed.jsm:141 < _middleware/</<()@resource://activity-stream/lib/Store.jsm:51 < Store/this[method]()@resource://activity-stream/lib/Store.jsm:30 < uninit()@resource://activity-stream/lib/Store.jsm:153 < uninit()@resource://activity-stream/lib/ActivityStream.jsm:274 < uninit()@resource://gre/modules/addons/XPIProvider.jsm -> jar:file:///usr/lib/firefox/browser/features/activity-stream@mozilla.org.xpi!/bootstrap.js:80 < shutdown()@resource://gre/modules/addons/XPIProvider.jsm -> jar:file:///usr/lib/firefox/browser/features/activity-stream@mozilla.org.xpi!/bootstrap.js:196 < callBootstrapMethod()@resource://gre/modules/addons/XPIProvider.jsm:4419 < observe()@resource://gre/modules/addons/XPIProvider.jsm:2279 < GeckoDriver.prototype.quit()@driver.js:3270 < despatch()@server.js:557 < execute()@server.js:531 < onPacket/<()@server.js:506 < onPacket()@server.js:505 < _onJSONObjectReady/<()@transport.js:500
JavaScript error: resource://shield-recipe-client/lib/ShieldRecipeClient.jsm, line 70: TypeError: log is undefined
*** UTM:SVC TimerManager:registerTimer called after profile-before-change notification. Ignoring timer registration for id: telemetry_modules_ping
1559725111250	mozrunner::runner	INFO	Running command: "/usr/bin/firefox" "-marionette" "-foreground" "-no-remote" "-profile" "/tmp/rust_mozprofile.83rnhujrBblR"
1559725112214	Marionette	INFO	Enabled via --marionette
1559725114344	Marionette	INFO	Listening on port 36665
1559725114378	Marionette	WARN	TLS certificate errors will be ignored for this session
1559725114580	addons.xpi	WARN	Exception running bootstrap method shutdown on activity-stream@mozilla.org: [Exception... "Component returned failure code: 0x80004005 (NS_ERROR_FAILURE) [nsIObserverService.removeObserver]"  nsresult: "0x80004005 (NS_ERROR_FAILURE)"  location: "JS frame :: resource://activity-stream/lib/SnippetsFeed.jsm :: uninit :: line 125"  data: no] Stack trace: uninit()@resource://activity-stream/lib/SnippetsFeed.jsm:125 < onAction()@resource://activity-stream/lib/SnippetsFeed.jsm:141 < _middleware/</<()@resource://activity-stream/lib/Store.jsm:51 < Store/this[method]()@resource://activity-stream/lib/Store.jsm:30 < uninit()@resource://activity-stream/lib/Store.jsm:153 < uninit()@resource://activity-stream/lib/ActivityStream.jsm:274 < uninit()@resource://gre/modules/addons/XPIProvider.jsm -> jar:file:///usr/lib/firefox/browser/features/activity-stream@mozilla.org.xpi!/bootstrap.js:80 < shutdown()@resource://gre/modules/addons/XPIProvider.jsm -> jar:file:///usr/lib/firefox/browser/features/activity-stream@mozilla.org.xpi!/bootstrap.js:196 < callBootstrapMethod()@resource://gre/modules/addons/XPIProvider.jsm:4419 < observe()@resource://gre/modules/addons/XPIProvider.jsm:2279 < GeckoDriver.prototype.quit()@driver.js:3270 < despatch()@server.js:557 < execute()@server.js:531 < onPacket/<()@server.js:506 < onPacket()@server.js:505 < _onJSONObjectReady/<()@transport.js:500
JavaScript error: resource://shield-recipe-client/lib/ShieldRecipeClient.jsm, line 70: TypeError: log is undefined
*** UTM:SVC TimerManager:registerTimer called after profile-before-change notification. Ignoring timer registration for id: telemetry_modules_ping
1559725772301	mozrunner::runner	INFO	Running command: "/usr/bin/firefox" "-marionette" "-foreground" "-no-remote" "-profile" "/tmp/rust_mozprofile.oGrupfz5Qjtg"
1559725772874	Marionette	INFO	Enabled via --marionette
1559725774652	Marionette	INFO	Listening on port 39801
1559725774714	Marionette	WARN	TLS certificate errors will be ignored for this session
1559725774890	addons.xpi	WARN	Exception running bootstrap method shutdown on activity-stream@mozilla.org: [Exception... "Component returned failure code: 0x80004005 (NS_ERROR_FAILURE) [nsIObserverService.removeObserver]"  nsresult: "0x80004005 (NS_ERROR_FAILURE)"  location: "JS frame :: resource://activity-stream/lib/SnippetsFeed.jsm :: uninit :: line 125"  data: no] Stack trace: uninit()@resource://activity-stream/lib/SnippetsFeed.jsm:125 < onAction()@resource://activity-stream/lib/SnippetsFeed.jsm:141 < _middleware/</<()@resource://activity-stream/lib/Store.jsm:51 < Store/this[method]()@resource://activity-stream/lib/Store.jsm:30 < uninit()@resource://activity-stream/lib/Store.jsm:153 < uninit()@resource://activity-stream/lib/ActivityStream.jsm:274 < uninit()@resource://gre/modules/addons/XPIProvider.jsm -> jar:file:///usr/lib/firefox/browser/features/activity-stream@mozilla.org.xpi!/bootstrap.js:80 < shutdown()@resource://gre/modules/addons/XPIProvider.jsm -> jar:file:///usr/lib/firefox/browser/features/activity-stream@mozilla.org.xpi!/bootstrap.js:196 < callBootstrapMethod()@resource://gre/modules/addons/XPIProvider.jsm:4419 < observe()@resource://gre/modules/addons/XPIProvider.jsm:2279 < GeckoDriver.prototype.quit()@driver.js:3270 < despatch()@server.js:557 < execute()@server.js:531 < onPacket/<()@server.js:506 < onPacket()@server.js:505 < _onJSONObjectReady/<()@transport.js:500
JavaScript error: resource://shield-recipe-client/lib/ShieldRecipeClient.jsm, line 70: TypeError: log is undefined
console.error: PushService: 
  clearOriginData: Error clearing origin data:
  UnknownError
console.error: PushService: 
  stateChangeProcessEnqueue: Error transitioning state
  UnknownError
*** UTM:SVC TimerManager:registerTimer called after profile-before-change notification. Ignoring timer registration for id: telemetry_modules_ping
1559725824319	mozrunner::runner	INFO	Running command: "/usr/bin/firefox" "-marionette" "-foreground" "-no-remote" "-profile" "/tmp/rust_mozprofile.rV2nGLxNrMYG"
1559725824914	Marionette	INFO	Enabled via --marionette
1559725826656	Marionette	INFO	Listening on port 44609
1559725826726	Marionette	WARN	TLS certificate errors will be ignored for this session
1559725826908	addons.xpi	WARN	Exception running bootstrap method shutdown on activity-stream@mozilla.org: [Exception... "Component returned failure code: 0x80004005 (NS_ERROR_FAILURE) [nsIObserverService.removeObserver]"  nsresult: "0x80004005 (NS_ERROR_FAILURE)"  location: "JS frame :: resource://activity-stream/lib/SnippetsFeed.jsm :: uninit :: line 125"  data: no] Stack trace: uninit()@resource://activity-stream/lib/SnippetsFeed.jsm:125 < onAction()@resource://activity-stream/lib/SnippetsFeed.jsm:141 < _middleware/</<()@resource://activity-stream/lib/Store.jsm:51 < Store/this[method]()@resource://activity-stream/lib/Store.jsm:30 < uninit()@resource://activity-stream/lib/Store.jsm:153 < uninit()@resource://activity-stream/lib/ActivityStream.jsm:274 < uninit()@resource://gre/modules/addons/XPIProvider.jsm -> jar:file:///usr/lib/firefox/browser/features/activity-stream@mozilla.org.xpi!/bootstrap.js:80 < shutdown()@resource://gre/modules/addons/XPIProvider.jsm -> jar:file:///usr/lib/firefox/browser/features/activity-stream@mozilla.org.xpi!/bootstrap.js:196 < callBootstrapMethod()@resource://gre/modules/addons/XPIProvider.jsm:4419 < observe()@resource://gre/modules/addons/XPIProvider.jsm:2279 < GeckoDriver.prototype.quit()@driver.js:3270 < despatch()@server.js:557 < execute()@server.js:531 < onPacket/<()@server.js:506 < onPacket()@server.js:505 < _onJSONObjectReady/<()@transport.js:500
JavaScript error: resource://shield-recipe-client/lib/ShieldRecipeClient.jsm, line 70: TypeError: log is undefined
console.error: PushService: 
  clearOriginData: Error clearing origin data:
  UnknownError
console.error: PushService: 
  stateChangeProcessEnqueue: Error transitioning state
  UnknownError
*** UTM:SVC TimerManager:registerTimer called after profile-before-change notification. Ignoring timer registration for id: telemetry_modules_ping
1559725865288	mozrunner::runner	INFO	Running command: "/usr/bin/firefox" "-marionette" "-foreground" "-no-remote" "-profile" "/tmp/rust_mozprofile.l8kx2amzmpIE"
1559725865874	Marionette	INFO	Enabled via --marionette
1559725867708	Marionette	INFO	Listening on port 46295
1559725867822	Marionette	WARN	TLS certificate errors will be ignored for this session
1559725867978	addons.xpi	WARN	Exception running bootstrap method shutdown on activity-stream@mozilla.org: [Exception... "Component returned failure code: 0x80004005 (NS_ERROR_FAILURE) [nsIObserverService.removeObserver]"  nsresult: "0x80004005 (NS_ERROR_FAILURE)"  location: "JS frame :: resource://activity-stream/lib/SnippetsFeed.jsm :: uninit :: line 125"  data: no] Stack trace: uninit()@resource://activity-stream/lib/SnippetsFeed.jsm:125 < onAction()@resource://activity-stream/lib/SnippetsFeed.jsm:141 < _middleware/</<()@resource://activity-stream/lib/Store.jsm:51 < Store/this[method]()@resource://activity-stream/lib/Store.jsm:30 < uninit()@resource://activity-stream/lib/Store.jsm:153 < uninit()@resource://activity-stream/lib/ActivityStream.jsm:274 < uninit()@resource://gre/modules/addons/XPIProvider.jsm -> jar:file:///usr/lib/firefox/browser/features/activity-stream@mozilla.org.xpi!/bootstrap.js:80 < shutdown()@resource://gre/modules/addons/XPIProvider.jsm -> jar:file:///usr/lib/firefox/browser/features/activity-stream@mozilla.org.xpi!/bootstrap.js:196 < callBootstrapMethod()@resource://gre/modules/addons/XPIProvider.jsm:4419 < observe()@resource://gre/modules/addons/XPIProvider.jsm:2279 < GeckoDriver.prototype.quit()@driver.js:3270 < despatch()@server.js:557 < execute()@server.js:531 < onPacket/<()@server.js:506 < onPacket()@server.js:505 < _onJSONObjectReady/<()@transport.js:500
JavaScript error: resource://shield-recipe-client/lib/ShieldRecipeClient.jsm, line 70: TypeError: log is undefined
console.error: PushService: 
  clearOriginData: Error clearing origin data:
  UnknownError
console.error: PushService: 
  stateChangeProcessEnqueue: Error transitioning state
  UnknownError
*** UTM:SVC TimerManager:registerTimer called after profile-before-change notification. Ignoring timer registration for id: telemetry_modules_ping
